[2014-09-21 05:28:48] production.ERROR: exception 'Illuminate\Database\Eloquent\ModelNotFoundException' with message 'No query results for model [Forum].' in /home/monero-private/vendor/laravel/framework/src/Illuminate/Database/Eloquent/Model.php:674
Stack trace:
#0 /home/monero-private/app/controllers/ForumsController.php(8): Illuminate\Database\Eloquent\Model::findOrFail('keychain')
#1 [internal function]: ForumsController->index('keychain', 'exists')
#2 /home/monero-private/vendor/laravel/framework/src/Illuminate/Routing/Controller.php(231): call_user_func_array(Array, Array)
#3 /home/monero-private/vendor/laravel/framework/src/Illuminate/Routing/ControllerDispatcher.php(93): Illuminate\Routing\Controller->callAction('index', Array)
#4 /home/monero-private/vendor/laravel/framework/src/Illuminate/Routing/ControllerDispatcher.php(62): Illuminate\Routing\ControllerDispatcher->call(Object(ForumsController), Object(Illuminate\Routing\Route), 'index')
#5 /home/monero-private/vendor/laravel/framework/src/Illuminate/Routing/Router.php(962): Illuminate\Routing\ControllerDispatcher->dispatch(Object(Illuminate\Routing\Route), Object(Illuminate\Http\Request), 'ForumsControlle...', 'index')
#6 [internal function]: Illuminate\Routing\Router->Illuminate\Routing\{closure}('keychain', 'exists')
#7 /home/monero-private/vendor/laravel/framework/src/Illuminate/Routing/Route.php(109): call_user_func_array(Object(Closure), Array)
#8 /home/monero-private/vendor/laravel/framework/src/Illuminate/Routing/Router.php(1028): Illuminate\Routing\Route->run(Object(Illuminate\Http\Request))
#9 /home/monero-private/vendor/laravel/framework/src/Illuminate/Routing/Router.php(996): Illuminate\Routing\Router->dispatchToRoute(Object(Illuminate\Http\Request))
#10 /home/monero-private/vendor/laravel/framework/src/Illuminate/Foundation/Application.php(777): Illuminate\Routing\Router->dispatch(Object(Illuminate\Http\Request))
#11 /home/monero-private/vendor/laravel/framework/src/Illuminate/Foundation/Application.php(747): Illuminate\Foundation\Application->dispatch(Object(Illuminate\Http\Request))
#12 /home/monero-private/vendor/laravel/framework/src/Illuminate/Session/Middleware.php(72): Illuminate\Foundation\Application->handle(Object(Illuminate\Http\Request), 1, true)
#13 /home/monero-private/vendor/laravel/framework/src/Illuminate/Cookie/Queue.php(47): Illuminate\Session\Middleware->handle(Object(Illuminate\Http\Request), 1, true)
#14 /home/monero-private/vendor/laravel/framework/src/Illuminate/Cookie/Guard.php(51): Illuminate\Cookie\Queue->handle(Object(Illuminate\Http\Request), 1, true)
#15 /home/monero-private/vendor/stack/builder/src/Stack/StackedHttpKernel.php(23): Illuminate\Cookie\Guard->handle(Object(Illuminate\Http\Request), 1, true)
#16 /home/monero-private/vendor/laravel/framework/src/Illuminate/Foundation/Application.php(643): Stack\StackedHttpKernel->handle(Object(Illuminate\Http\Request))
#17 /home/monero-private/public/index.php(49): Illuminate\Foundation\Application->run()
#18 {main} [] []
[2014-09-21 05:28:48] production.ERROR: 404: exception 'Illuminate\Database\Eloquent\ModelNotFoundException' with message 'No query results for model [Forum].' in /home/monero-private/vendor/laravel/framework/src/Illuminate/Database/Eloquent/Model.php:674
Stack trace:
#0 /home/monero-private/app/controllers/ForumsController.php(8): Illuminate\Database\Eloquent\Model::findOrFail('keychain')
#1 [internal function]: ForumsController->index('keychain', 'exists')
#2 /home/monero-private/vendor/laravel/framework/src/Illuminate/Routing/Controller.php(231): call_user_func_array(Array, Array)
#3 /home/monero-private/vendor/laravel/framework/src/Illuminate/Routing/ControllerDispatcher.php(93): Illuminate\Routing\Controller->callAction('index', Array)
#4 /home/monero-private/vendor/laravel/framework/src/Illuminate/Routing/ControllerDispatcher.php(62): Illuminate\Routing\ControllerDispatcher->call(Object(ForumsController), Object(Illuminate\Routing\Route), 'index')
#5 /home/monero-private/vendor/laravel/framework/src/Illuminate/Routing/Router.php(962): Illuminate\Routing\ControllerDispatcher->dispatch(Object(Illuminate\Routing\Route), Object(Illuminate\Http\Request), 'ForumsControlle...', 'index')
#6 [internal function]: Illuminate\Routing\Router->Illuminate\Routing\{closure}('keychain', 'exists')
#7 /home/monero-private/vendor/laravel/framework/src/Illuminate/Routing/Route.php(109): call_user_func_array(Object(Closure), Array)
#8 /home/monero-private/vendor/laravel/framework/src/Illuminate/Routing/Router.php(1028): Illuminate\Routing\Route->run(Object(Illuminate\Http\Request))
#9 /home/monero-private/vendor/laravel/framework/src/Illuminate/Routing/Router.php(996): Illuminate\Routing\Router->dispatchToRoute(Object(Illuminate\Http\Request))
#10 /home/monero-private/vendor/laravel/framework/src/Illuminate/Foundation/Application.php(777): Illuminate\Routing\Router->dispatch(Object(Illuminate\Http\Request))
#11 /home/monero-private/vendor/laravel/framework/src/Illuminate/Foundation/Application.php(747): Illuminate\Foundation\Application->dispatch(Object(Illuminate\Http\Request))
#12 /home/monero-private/vendor/laravel/framework/src/Illuminate/Session/Middleware.php(72): Illuminate\Foundation\Application->handle(Object(Illuminate\Http\Request), 1, true)
#13 /home/monero-private/vendor/laravel/framework/src/Illuminate/Cookie/Queue.php(47): Illuminate\Session\Middleware->handle(Object(Illuminate\Http\Request), 1, true)
#14 /home/monero-private/vendor/laravel/framework/src/Illuminate/Cookie/Guard.php(51): Illuminate\Cookie\Queue->handle(Object(Illuminate\Http\Request), 1, true)
#15 /home/monero-private/vendor/stack/builder/src/Stack/StackedHttpKernel.php(23): Illuminate\Cookie\Guard->handle(Object(Illuminate\Http\Request), 1, true)
#16 /home/monero-private/vendor/laravel/framework/src/Illuminate/Foundation/Application.php(643): Stack\StackedHttpKernel->handle(Object(Illuminate\Http\Request))
#17 /home/monero-private/public/index.php(49): Illuminate\Foundation\Application->run()
#18 {main} [] []
[2014-09-21 05:42:04] production.ERROR: exception 'Illuminate\Database\Eloquent\ModelNotFoundException' with message 'No query results for model [Forum].' in /home/monero-private/vendor/laravel/framework/src/Illuminate/Database/Eloquent/Model.php:674
Stack trace:
#0 /home/monero-private/app/controllers/ForumsController.php(8): Illuminate\Database\Eloquent\Model::findOrFail('keychain')
#1 [internal function]: ForumsController->index('keychain', 'exists')
#2 /home/monero-private/vendor/laravel/framework/src/Illuminate/Routing/Controller.php(231): call_user_func_array(Array, Array)
#3 /home/monero-private/vendor/laravel/framework/src/Illuminate/Routing/ControllerDispatcher.php(93): Illuminate\Routing\Controller->callAction('index', Array)
#4 /home/monero-private/vendor/laravel/framework/src/Illuminate/Routing/ControllerDispatcher.php(62): Illuminate\Routing\ControllerDispatcher->call(Object(ForumsController), Object(Illuminate\Routing\Route), 'index')
#5 /home/monero-private/vendor/laravel/framework/src/Illuminate/Routing/Router.php(962): Illuminate\Routing\ControllerDispatcher->dispatch(Object(Illuminate\Routing\Route), Object(Illuminate\Http\Request), 'ForumsControlle...', 'index')
#6 [internal function]: Illuminate\Routing\Router->Illuminate\Routing\{closure}('keychain', 'exists')
#7 /home/monero-private/vendor/laravel/framework/src/Illuminate/Routing/Route.php(109): call_user_func_array(Object(Closure), Array)
#8 /home/monero-private/vendor/laravel/framework/src/Illuminate/Routing/Router.php(1028): Illuminate\Routing\Route->run(Object(Illuminate\Http\Request))
#9 /home/monero-private/vendor/laravel/framework/src/Illuminate/Routing/Router.php(996): Illuminate\Routing\Router->dispatchToRoute(Object(Illuminate\Http\Request))
#10 /home/monero-private/vendor/laravel/framework/src/Illuminate/Foundation/Application.php(777): Illuminate\Routing\Router->dispatch(Object(Illuminate\Http\Request))
#11 /home/monero-private/vendor/laravel/framework/src/Illuminate/Foundation/Application.php(747): Illuminate\Foundation\Application->dispatch(Object(Illuminate\Http\Request))
#12 /home/monero-private/vendor/laravel/framework/src/Illuminate/Session/Middleware.php(72): Illuminate\Foundation\Application->handle(Object(Illuminate\Http\Request), 1, true)
#13 /home/monero-private/vendor/laravel/framework/src/Illuminate/Cookie/Queue.php(47): Illuminate\Session\Middleware->handle(Object(Illuminate\Http\Request), 1, true)
#14 /home/monero-private/vendor/laravel/framework/src/Illuminate/Cookie/Guard.php(51): Illuminate\Cookie\Queue->handle(Object(Illuminate\Http\Request), 1, true)
#15 /home/monero-private/vendor/stack/builder/src/Stack/StackedHttpKernel.php(23): Illuminate\Cookie\Guard->handle(Object(Illuminate\Http\Request), 1, true)
#16 /home/monero-private/vendor/laravel/framework/src/Illuminate/Foundation/Application.php(643): Stack\StackedHttpKernel->handle(Object(Illuminate\Http\Request))
#17 /home/monero-private/public/index.php(49): Illuminate\Foundation\Application->run()
#18 {main} [] []
[2014-09-21 05:42:04] production.ERROR: 404: exception 'Illuminate\Database\Eloquent\ModelNotFoundException' with message 'No query results for model [Forum].' in /home/monero-private/vendor/laravel/framework/src/Illuminate/Database/Eloquent/Model.php:674
Stack trace:
#0 /home/monero-private/app/controllers/ForumsController.php(8): Illuminate\Database\Eloquent\Model::findOrFail('keychain')
#1 [internal function]: ForumsController->index('keychain', 'exists')
#2 /home/monero-private/vendor/laravel/framework/src/Illuminate/Routing/Controller.php(231): call_user_func_array(Array, Array)
#3 /home/monero-private/vendor/laravel/framework/src/Illuminate/Routing/ControllerDispatcher.php(93): Illuminate\Routing\Controller->callAction('index', Array)
#4 /home/monero-private/vendor/laravel/framework/src/Illuminate/Routing/ControllerDispatcher.php(62): Illuminate\Routing\ControllerDispatcher->call(Object(ForumsController), Object(Illuminate\Routing\Route), 'index')
#5 /home/monero-private/vendor/laravel/framework/src/Illuminate/Routing/Router.php(962): Illuminate\Routing\ControllerDispatcher->dispatch(Object(Illuminate\Routing\Route), Object(Illuminate\Http\Request), 'ForumsControlle...', 'index')
#6 [internal function]: Illuminate\Routing\Router->Illuminate\Routing\{closure}('keychain', 'exists')
#7 /home/monero-private/vendor/laravel/framework/src/Illuminate/Routing/Route.php(109): call_user_func_array(Object(Closure), Array)
#8 /home/monero-private/vendor/laravel/framework/src/Illuminate/Routing/Router.php(1028): Illuminate\Routing\Route->run(Object(Illuminate\Http\Request))
#9 /home/monero-private/vendor/laravel/framework/src/Illuminate/Routing/Router.php(996): Illuminate\Routing\Router->dispatchToRoute(Object(Illuminate\Http\Request))
#10 /home/monero-private/vendor/laravel/framework/src/Illuminate/Foundation/Application.php(777): Illuminate\Routing\Router->dispatch(Object(Illuminate\Http\Request))
#11 /home/monero-private/vendor/laravel/framework/src/Illuminate/Foundation/Application.php(747): Illuminate\Foundation\Application->dispatch(Object(Illuminate\Http\Request))
#12 /home/monero-private/vendor/laravel/framework/src/Illuminate/Session/Middleware.php(72): Illuminate\Foundation\Application->handle(Object(Illuminate\Http\Request), 1, true)
#13 /home/monero-private/vendor/laravel/framework/src/Illuminate/Cookie/Queue.php(47): Illuminate\Session\Middleware->handle(Object(Illuminate\Http\Request), 1, true)
#14 /home/monero-private/vendor/laravel/framework/src/Illuminate/Cookie/Guard.php(51): Illuminate\Cookie\Queue->handle(Object(Illuminate\Http\Request), 1, true)
#15 /home/monero-private/vendor/stack/builder/src/Stack/StackedHttpKernel.php(23): Illuminate\Cookie\Guard->handle(Object(Illuminate\Http\Request), 1, true)
#16 /home/monero-private/vendor/laravel/framework/src/Illuminate/Foundation/Application.php(643): Stack\StackedHttpKernel->handle(Object(Illuminate\Http\Request))
#17 /home/monero-private/public/index.php(49): Illuminate\Foundation\Application->run()
#18 {main} [] []
[2014-09-21 05:42:13] production.ERROR: exception 'Symfony\Component\Debug\Exception\FatalErrorException' with message 'Class 'GuzzleHttp\Client' not found' in /home/monero-private/vendor/laravel/framework/src/Illuminate/Mail/Transport/MailgunTransport.php:122
Stack trace:
#0 [internal function]: Illuminate\Exception\Handler->handleShutdown()
#1 {main} [] []
[2014-09-21 05:46:56] production.ERROR: exception 'ErrorException' with message 'Creating default object from empty value' in /home/monero-private/app/controllers/UsersController.php:480
Stack trace:
#0 /home/monero-private/app/controllers/UsersController.php(480): Illuminate\Exception\Handler->handleError(2, 'Creating defaul...', '/home/monero-pr...', 480, Array)
#1 [internal function]: UsersController->getActivate('26', 'uL3bU6PY69TOAjE...')
#2 /home/monero-private/vendor/laravel/framework/src/Illuminate/Routing/Controller.php(231): call_user_func_array(Array, Array)
#3 /home/monero-private/vendor/laravel/framework/src/Illuminate/Routing/ControllerDispatcher.php(93): Illuminate\Routing\Controller->callAction('getActivate', Array)
#4 /home/monero-private/vendor/laravel/framework/src/Illuminate/Routing/ControllerDispatcher.php(62): Illuminate\Routing\ControllerDispatcher->call(Object(UsersController), Object(Illuminate\Routing\Route), 'getActivate')
#5 /home/monero-private/vendor/laravel/framework/src/Illuminate/Routing/Router.php(962): Illuminate\Routing\ControllerDispatcher->dispatch(Object(Illuminate\Routing\Route), Object(Illuminate\Http\Request), 'UsersController', 'getActivate')
#6 [internal function]: Illuminate\Routing\Router->Illuminate\Routing\{closure}('26', 'uL3bU6PY69TOAjE...')
#7 /home/monero-private/vendor/laravel/framework/src/Illuminate/Routing/Route.php(109): call_user_func_array(Object(Closure), Array)
#8 /home/monero-private/vendor/laravel/framework/src/Illuminate/Routing/Router.php(1028): Illuminate\Routing\Route->run(Object(Illuminate\Http\Request))
#9 /home/monero-private/vendor/laravel/framework/src/Illuminate/Routing/Router.php(996): Illuminate\Routing\Router->dispatchToRoute(Object(Illuminate\Http\Request))
#10 /home/monero-private/vendor/laravel/framework/src/Illuminate/Foundation/Application.php(777): Illuminate\Routing\Router->dispatch(Object(Illuminate\Http\Request))
#11 /home/monero-private/vendor/laravel/framework/src/Illuminate/Foundation/Application.php(747): Illuminate\Foundation\Application->dispatch(Object(Illuminate\Http\Request))
#12 /home/monero-private/vendor/laravel/framework/src/Illuminate/Session/Middleware.php(72): Illuminate\Foundation\Application->handle(Object(Illuminate\Http\Request), 1, true)
#13 /home/monero-private/vendor/laravel/framework/src/Illuminate/Cookie/Queue.php(47): Illuminate\Session\Middleware->handle(Object(Illuminate\Http\Request), 1, true)
#14 /home/monero-private/vendor/laravel/framework/src/Illuminate/Cookie/Guard.php(51): Illuminate\Cookie\Queue->handle(Object(Illuminate\Http\Request), 1, true)
#15 /home/monero-private/vendor/stack/builder/src/Stack/StackedHttpKernel.php(23): Illuminate\Cookie\Guard->handle(Object(Illuminate\Http\Request), 1, true)
#16 /home/monero-private/vendor/laravel/framework/src/Illuminate/Foundation/Application.php(643): Stack\StackedHttpKernel->handle(Object(Illuminate\Http\Request))
#17 /home/monero-private/public/index.php(49): Illuminate\Foundation\Application->run()
#18 {main} [] []
